# JRE version: Java(TM) SE Runtime Environment (21.0.3+7) (build 21.0.3+7-LTS-152)
# Java VM: Java HotSpot(TM) 64-Bit Server VM (21.0.3+7-LTS-152, mixed mode, sharing, tiered, compressed oops, compressed class ptrs, g1 gc, windows-amd64)
GC Precious Log:
 CardTable entry size: 512
 Card Set container configuration: InlinePtr #cards 4 size 8 Array Of Cards #cards 16 size 48 Howl #buckets 8 coarsen threshold 3686 Howl Bitmap #cards 512 size 80 coarsen threshold 460 Card regions per heap region 1 cards per card region 4096
 CPUs: 8 total, 8 available
 Memory: 12163M
 Large Page Support: Disabled
 NUMA Support: Disabled
 Compressed Oops: Enabled (Zero based)
 Heap Region Size: 2M
 Heap Min Capacity: 8M
 Heap Initial Capacity: 192M
 Heap Max Capacity: 3042M
 Pre-touch: Disabled
 Parallel Workers: 8
 Concurrent Workers: 2
 Concurrent Refinement Workers: 8
 Periodic GC: Disabled
Heap:
 garbage-first heap   total 61440K, used 41930K [0x0000000741e00000, 0x0000000800000000)
  region size 2048K, 10 young (20480K), 1 survivors (2048K)
 Metaspace       used 62802K, committed 63488K, reserved 1114112K
  class space    used 8459K, committed 8768K, reserved 1048576K
GC Heap History (20 events):
Event: 0.738 GC heap before
{Heap before GC invocations=0 (full 0):
 garbage-first heap   total 196608K, used 20480K [0x0000000741e00000, 0x0000000800000000)
  region size 2048K, 11 young (22528K), 0 survivors (0K)
 Metaspace       used 6084K, committed 6336K, reserved 1114112K
  class space    used 689K, committed 832K, reserved 1048576K
}
Event: 0.745 GC heap after
{Heap after GC invocations=1 (full 0):
 garbage-first heap   total 196608K, used 6720K [0x0000000741e00000, 0x0000000800000000)
  region size 2048K, 2 young (4096K), 2 survivors (4096K)
 Metaspace       used 6084K, committed 6336K, reserved 1114112K
  class space    used 689K, committed 832K, reserved 1048576K
}
Event: 1.255 GC heap before
{Heap before GC invocations=1 (full 0):
 garbage-first heap   total 196608K, used 33344K [0x0000000741e00000, 0x0000000800000000)
  region size 2048K, 15 young (30720K), 2 survivors (4096K)
 Metaspace       used 12915K, committed 13248K, reserved 1114112K
  class space    used 1698K, committed 1856K, reserved 1048576K
}
Event: 1.264 GC heap after
{Heap after GC invocations=2 (full 0):
 garbage-first heap   total 196608K, used 9258K [0x0000000741e00000, 0x0000000800000000)
  region size 2048K, 2 young (4096K), 2 survivors (4096K)
 Metaspace       used 12915K, committed 13248K, reserved 1114112K
  class space    used 1698K, committed 1856K, reserved 1048576K
}
Event: 1.744 GC heap before
{Heap before GC invocations=2 (full 0):
 garbage-first heap   total 196608K, used 44074K [0x0000000741e00000, 0x0000000800000000)
  region size 2048K, 21 young (43008K), 2 survivors (4096K)
 Metaspace       used 21250K, committed 21504K, reserved 1114112K
  class space    used 2677K, committed 2816K, reserved 1048576K
}
Event: 1.751 GC heap after
{Heap after GC invocations=3 (full 0):
 garbage-first heap   total 196608K, used 12970K [0x0000000741e00000, 0x0000000800000000)
  region size 2048K, 3 young (6144K), 3 survivors (6144K)
 Metaspace       used 21250K, committed 21504K, reserved 1114112K
  class space    used 2677K, committed 2816K, reserved 1048576K
}
Event: 2.382 GC heap before
{Heap before GC invocations=4 (full 0):
 garbage-first heap   total 61440K, used 43690K [0x0000000741e00000, 0x0000000800000000)
  region size 2048K, 18 young (36864K), 3 survivors (6144K)
 Metaspace       used 25059K, committed 25344K, reserved 1114112K
  class space    used 3188K, committed 3328K, reserved 1048576K
}
Event: 2.391 GC heap after
{Heap after GC invocations=5 (full 0):
 garbage-first heap   total 61440K, used 15628K [0x0000000741e00000, 0x0000000800000000)
  region size 2048K, 2 young (4096K), 2 survivors (4096K)
 Metaspace       used 25059K, committed 25344K, reserved 1114112K
  class space    used 3188K, committed 3328K, reserved 1048576K
}
Event: 3.189 GC heap before
{Heap before GC invocations=5 (full 0):
 garbage-first heap   total 61440K, used 44300K [0x0000000741e00000, 0x0000000800000000)
  region size 2048K, 16 young (32768K), 2 survivors (4096K)
 Metaspace       used 30032K, committed 30464K, reserved 1114112K
  class space    used 3924K, committed 4096K, reserved 1048576K
}
Event: 3.198 GC heap after
{Heap after GC invocations=6 (full 0):
 garbage-first heap   total 61440K, used 18094K [0x0000000741e00000, 0x0000000800000000)
  region size 2048K, 2 young (4096K), 2 survivors (4096K)
 Metaspace       used 30032K, committed 30464K, reserved 1114112K
  class space    used 3924K, committed 4096K, reserved 1048576K
}
Event: 3.918 GC heap before
{Heap before GC invocations=6 (full 0):
 garbage-first heap   total 61440K, used 44718K [0x0000000741e00000, 0x0000000800000000)
  region size 2048K, 16 young (32768K), 2 survivors (4096K)
 Metaspace       used 35599K, committed 36096K, reserved 1114112K
  class space    used 4634K, committed 4864K, reserved 1048576K
}
Event: 3.922 GC heap after
{Heap after GC invocations=7 (full 0):
 garbage-first heap   total 61440K, used 20096K [0x0000000741e00000, 0x0000000800000000)
  region size 2048K, 1 young (2048K), 1 survivors (2048K)
 Metaspace       used 35599K, committed 36096K, reserved 1114112K
  class space    used 4634K, committed 4864K, reserved 1048576K
}
Event: 4.867 GC heap before
{Heap before GC invocations=8 (full 0):
 garbage-first heap   total 61440K, used 48768K [0x0000000741e00000, 0x0000000800000000)
  region size 2048K, 15 young (30720K), 1 survivors (2048K)
 Metaspace       used 47145K, committed 47744K, reserved 1114112K
  class space    used 6143K, committed 6400K, reserved 1048576K
}
Event: 4.871 GC heap after
{Heap after GC invocations=9 (full 0):
 garbage-first heap   total 61440K, used 22843K [0x0000000741e00000, 0x0000000800000000)
  region size 2048K, 2 young (4096K), 2 survivors (4096K)
 Metaspace       used 47145K, committed 47744K, reserved 1114112K
  class space    used 6143K, committed 6400K, reserved 1048576K
}
Event: 5.589 GC heap before
{Heap before GC invocations=9 (full 0):
 garbage-first heap   total 61440K, used 47419K [0x0000000741e00000, 0x0000000800000000)
  region size 2048K, 15 young (30720K), 2 survivors (4096K)
 Metaspace       used 52847K, committed 53376K, reserved 1114112K
  class space    used 6874K, committed 7104K, reserved 1048576K
}
Event: 5.595 GC heap after
{Heap after GC invocations=10 (full 0):
 garbage-first heap   total 61440K, used 24480K [0x0000000741e00000, 0x0000000800000000)
  region size 2048K, 1 young (2048K), 1 survivors (2048K)
 Metaspace       used 52847K, committed 53376K, reserved 1114112K
  class space    used 6874K, committed 7104K, reserved 1048576K
}
Event: 6.141 GC heap before
{Heap before GC invocations=10 (full 0):
 garbage-first heap   total 61440K, used 51104K [0x0000000741e00000, 0x0000000800000000)
  region size 2048K, 14 young (28672K), 1 survivors (2048K)
 Metaspace       used 59375K, committed 60032K, reserved 1114112K
  class space    used 7956K, committed 8256K, reserved 1048576K
}
Event: 6.143 GC heap after
{Heap after GC invocations=11 (full 0):
 garbage-first heap   total 61440K, used 25075K [0x0000000741e00000, 0x0000000800000000)
  region size 2048K, 2 young (4096K), 2 survivors (4096K)
 Metaspace       used 59375K, committed 60032K, reserved 1114112K
  class space    used 7956K, committed 8256K, reserved 1048576K
}
Event: 6.168 GC heap before
{Heap before GC invocations=11 (full 0):
 garbage-first heap   total 61440K, used 25075K [0x0000000741e00000, 0x0000000800000000)
  region size 2048K, 3 young (6144K), 2 survivors (4096K)
 Metaspace       used 59801K, committed 60416K, reserved 1114112K
  class space    used 8005K, committed 8320K, reserved 1048576K
}
Event: 6.170 GC heap after
{Heap after GC invocations=12 (full 0):
 garbage-first heap   total 61440K, used 25546K [0x0000000741e00000, 0x0000000800000000)
  region size 2048K, 1 young (2048K), 1 survivors (2048K)
 Metaspace       used 59801K, committed 60416K, reserved 1114112K
  class space    used 8005K, committed 8320K, reserved 1048576K
}

