# JRE version: Java(TM) SE Runtime Environment (21.0.3+7) (build 21.0.3+7-LTS-152)
# Java VM: Java HotSpot(TM) 64-Bit Server VM (21.0.3+7-LTS-152, mixed mode, sharing, tiered, compressed oops, compressed class ptrs, g1 gc, windows-amd64)
GC Precious Log:
 CardTable entry size: 512
 Card Set container configuration: InlinePtr #cards 4 size 8 Array Of Cards #cards 16 size 48 Howl #buckets 8 coarsen threshold 3686 Howl Bitmap #cards 512 size 80 coarsen threshold 460 Card regions per heap region 1 cards per card region 4096
 CPUs: 8 total, 8 available
 Memory: 12163M
 Large Page Support: Disabled
 NUMA Support: Disabled
 Compressed Oops: Enabled (Zero based)
 Heap Region Size: 2M
 Heap Min Capacity: 8M
 Heap Initial Capacity: 192M
 Heap Max Capacity: 3042M
 Pre-touch: Disabled
 Parallel Workers: 8
 Concurrent Workers: 2
 Concurrent Refinement Workers: 8
 Periodic GC: Disabled
Heap:
 garbage-first heap   total 196608K, used 11842K [0x0000000741e00000, 0x0000000800000000)
  region size 2048K, 1 young (2048K), 1 survivors (2048K)
 Metaspace       used 18118K, committed 18368K, reserved 1114112K
  class space    used 2256K, committed 2368K, reserved 1048576K
GC Heap History (11 events):
Event: 0.596 GC heap before
{Heap before GC invocations=0 (full 0):
 garbage-first heap   total 196608K, used 20480K [0x0000000741e00000, 0x0000000800000000)
  region size 2048K, 11 young (22528K), 0 survivors (0K)
 Metaspace       used 6082K, committed 6400K, reserved 1114112K
  class space    used 687K, committed 832K, reserved 1048576K
}
Event: 0.602 GC heap after
{Heap after GC invocations=1 (full 0):
 garbage-first heap   total 196608K, used 6656K [0x0000000741e00000, 0x0000000800000000)
  region size 2048K, 2 young (4096K), 2 survivors (4096K)
 Metaspace       used 6082K, committed 6400K, reserved 1114112K
  class space    used 687K, committed 832K, reserved 1048576K
}
Event: 1.044 GC heap before
{Heap before GC invocations=1 (full 0):
 garbage-first heap   total 196608K, used 33280K [0x0000000741e00000, 0x0000000800000000)
  region size 2048K, 15 young (30720K), 2 survivors (4096K)
 Metaspace       used 12919K, committed 13120K, reserved 1114112K
  class space    used 1713K, committed 1792K, reserved 1048576K
}
Event: 8.666 GC heap after
{Heap after GC invocations=2 (full 0):
 garbage-first heap   total 196608K, used 9424K [0x0000000741e00000, 0x0000000800000000)
  region size 2048K, 2 young (4096K), 2 survivors (4096K)
 Metaspace       used 12919K, committed 13120K, reserved 1114112K
  class space    used 1713K, committed 1792K, reserved 1048576K
}
Event: 8.700 GC heap before
{Heap before GC invocations=2 (full 0):
 garbage-first heap   total 196608K, used 13520K [0x0000000741e00000, 0x0000000800000000)
  region size 2048K, 4 young (8192K), 2 survivors (4096K)
 Metaspace       used 13993K, committed 14272K, reserved 1114112K
  class space    used 1842K, committed 1984K, reserved 1048576K
}
Event: 8.703 GC heap after
{Heap after GC invocations=3 (full 0):
 garbage-first heap   total 196608K, used 10132K [0x0000000741e00000, 0x0000000800000000)
  region size 2048K, 1 young (2048K), 1 survivors (2048K)
 Metaspace       used 13993K, committed 14272K, reserved 1114112K
  class space    used 1842K, committed 1984K, reserved 1048576K
}
Event: 8.756 GC heap before
{Heap before GC invocations=3 (full 0):
 garbage-first heap   total 196608K, used 14228K [0x0000000741e00000, 0x0000000800000000)
  region size 2048K, 4 young (8192K), 1 survivors (2048K)
 Metaspace       used 15609K, committed 15936K, reserved 1114112K
  class space    used 2006K, committed 2176K, reserved 1048576K
}
Event: 8.757 GC heap after
{Heap after GC invocations=4 (full 0):
 garbage-first heap   total 196608K, used 10236K [0x0000000741e00000, 0x0000000800000000)
  region size 2048K, 1 young (2048K), 1 survivors (2048K)
 Metaspace       used 15609K, committed 15936K, reserved 1114112K
  class space    used 2006K, committed 2176K, reserved 1048576K
}
Event: 8.820 GC heap before
{Heap before GC invocations=4 (full 0):
 garbage-first heap   total 196608K, used 14332K [0x0000000741e00000, 0x0000000800000000)
  region size 2048K, 4 young (8192K), 1 survivors (2048K)
 Metaspace       used 16772K, committed 17088K, reserved 1114112K
  class space    used 2114K, committed 2240K, reserved 1048576K
}
Event: 8.822 GC heap after
{Heap after GC invocations=5 (full 0):
 garbage-first heap   total 196608K, used 11399K [0x0000000741e00000, 0x0000000800000000)
  region size 2048K, 1 young (2048K), 1 survivors (2048K)
 Metaspace       used 16772K, committed 17088K, reserved 1114112K
  class space    used 2114K, committed 2240K, reserved 1048576K
}
Event: 8.879 GC heap before
{Heap before GC invocations=5 (full 0):
 garbage-first heap   total 196608K, used 15495K [0x0000000741e00000, 0x0000000800000000)
  region size 2048K, 4 young (8192K), 1 survivors (2048K)
 Metaspace       used 18118K, committed 18368K, reserved 1114112K
  class space    used 2256K, committed 2368K, reserved 1048576K
}

